  Moc'ing MainWindow.h...
  Moc'ing GLWidget.h...
  BBox.cpp
  Board.cpp
d:\research\project2011b\sourceapp\Board.h(4): fatal error C1083: Cannot open include file: 'RX/vec2.h': No such file or directory
  define.cpp
define.cpp(1): fatal error C1083: Cannot open include file: 'RX/vec3.h': No such file or directory
  moc_GLWidget.cpp
d:\research\project2011b\sourceapp\generatedfiles\debug\../../GLWidget.h(4): fatal error C1083: Cannot open include file: 'gl/glew.h': No such file or directory
  moc_MainWindow.cpp
d:\research\project2011b\sourceapp\generatedfiles\debug\../../MainWindow.h(7): fatal error C1083: Cannot open include file: 'RX/mat3.h': No such file or directory
  GLWidget.cpp
GLWidget.cpp(1): fatal error C1083: Cannot open include file: 'RX/CallMatlab.h': No such file or directory
  Interval.cpp
d:\research\project2011b\sourceapp\Interval.h(4): fatal error C1083: Cannot open include file: 'RX/Definitions.h': No such file or directory
  MainWindow.cpp
d:\research\project2011b\sourceapp\mainwindow.h(7): fatal error C1083: Cannot open include file: 'RX/mat3.h': No such file or directory
  SoftwareRenderer.cpp
SoftwareRenderer.cpp(1): fatal error C1083: Cannot open include file: 'SoftwareRenderer.h': No such file or directory
  VideoDecoder.cpp
  Generating Code...
