D:\RESEARCH\PROJECT2011B\SOURCEAPP\APP\APP.EXE
D:\RESEARCH\PROJECT2011B\SOURCEAPP\APP\APP.ILK
D:\RESEARCH\PROJECT2011B\SOURCEAPP\APP\APP.PDB
D:\RESEARCH\PROJECT2011B\SOURCEAPP\APP\DEBUG\APP.EXE.INTERMEDIATE.MANIFEST
D:\RESEARCH\PROJECT2011B\SOURCEAPP\APP\DEBUG\APP.OBJ
D:\Research\Project2011b\SourceApp\App\Debug\cl.command.1.tlog
D:\Research\Project2011b\SourceApp\App\Debug\CL.read.1.tlog
D:\Research\Project2011b\SourceApp\App\Debug\CL.write.1.tlog
D:\Research\Project2011b\SourceApp\App\Debug\custombuild.command.1.tlog
D:\Research\Project2011b\SourceApp\App\Debug\custombuild.read.1.tlog
D:\Research\Project2011b\SourceApp\App\Debug\custombuild.write.1.tlog
D:\Research\Project2011b\SourceApp\App\Debug\link.command.1.tlog
D:\Research\Project2011b\SourceApp\App\Debug\link.read.1.tlog
D:\Research\Project2011b\SourceApp\App\Debug\link.read.2.tlog
D:\Research\Project2011b\SourceApp\App\Debug\link.write.1.tlog
D:\RESEARCH\PROJECT2011B\SOURCEAPP\APP\DEBUG\MAIN.OBJ
D:\RESEARCH\PROJECT2011B\SOURCEAPP\APP\DEBUG\MOC_APP.OBJ
D:\Research\Project2011b\SourceApp\App\Debug\mt.command.1.tlog
D:\Research\Project2011b\SourceApp\App\Debug\mt.read.1.tlog
D:\Research\Project2011b\SourceApp\App\Debug\mt.write.1.tlog
D:\RESEARCH\PROJECT2011B\SOURCEAPP\APP\DEBUG\QRC_APP.OBJ
D:\RESEARCH\PROJECT2011B\SOURCEAPP\APP\DEBUG\VC100.PDB
D:\RESEARCH\PROJECT2011B\SOURCEAPP\APP\GENERATEDFILES\DEBUG\MOC_APP.CPP
D:\RESEARCH\PROJECT2011B\SOURCEAPP\APP\GENERATEDFILES\QRC_APP.CPP
D:\RESEARCH\PROJECT2011B\SOURCEAPP\APP\GENERATEDFILES\UI_APP.H
