Build started 24/01/2013 16:34:40.
     1>Project "D:\Research\Project2011b\SourceApp\App.vcxproj" on node 2 (build target(s)).
     1>InitializeBuildStatus:
         Touching "Release\App.unsuccessfulbuild".
       CustomBuild:
         All outputs are up-to-date.
       ClCompile:
         C:\Program Files (x86)\Microsoft Visual Studio 10.0\VC\bin\CL.exe /c /I.\GeneratedFiles /IC:\Qt\4.8.3\include /I.\GeneratedFiles\Release /IC:\Qt\4.8.3\include\QtCore /IC:\Qt\4.8.3\include\QtGui /IC:\Qt\4.8.3\include\QtOpenGL /I.\ /IC:\Qt\4.8.3\include\phonon /nologo /W1 /WX- /O2 /Oy- /D UNICODE /D WIN32 /D QT_LARGEFILE_SUPPORT /D QT_NO_DEBUG /D NDEBUG /D QT_CORE_LIB /D QT_GUI_LIB /D QT_OPENGL_LIB /D QT_PHONON_LIB /Gm- /EHsc /MD /GS /fp:precise /Zc:wchar_t- /Zc:forScope /Fo"Release\\" /Fd"Release\vc100.pdb" /Gd /TP /analyze- /errorReport:prompt Board.cpp GeneratedFiles\Release\moc_GLWidget.cpp GeneratedFiles\Release\moc_MainWindow.cpp GeneratedFiles\Release\moc_MapWidget.cpp GeneratedFiles\Release\moc_VideoPlayer.cpp Globals.cpp GLWidget.cpp Homography.cpp HomographyDefs.cpp Info.cpp MapWidget.cpp Ransac.cpp Region.cpp Resources.cpp VideoFromImages.cpp VideoPlayer.cpp Interval.cpp App.cpp MainWindow.cpp
         Board.cpp
     1>d:\research\project2011b\sourceapp\Board.h(5): fatal error C1083: Cannot open include file: 'RX/vec2.h': No such file or directory
         moc_GLWidget.cpp
     1>d:\research\project2011b\sourceapp\generatedfiles\release\../../GLWidget.h(5): fatal error C1083: Cannot open include file: 'gl/glew.h': No such file or directory
         moc_MainWindow.cpp
     1>d:\research\project2011b\sourceapp\generatedfiles\release\../../MainWindow.h(9): fatal error C1083: Cannot open include file: 'RX/mat3.h': No such file or directory
         moc_MapWidget.cpp
     1>d:\research\project2011b\sourceapp\generatedfiles\release\../../MapWidget.h(5): fatal error C1083: Cannot open include file: 'gl/glew.h': No such file or directory
         moc_VideoPlayer.cpp
     1>d:\research\project2011b\sourceapp\generatedfiles\release\../../VideoPlayer.h(4): fatal error C1083: Cannot open include file: 'gl/glew.h': No such file or directory
         Globals.cpp
     1>d:\research\project2011b\sourceapp\Info.h(5): fatal error C1083: Cannot open include file: 'RX/mat3.h': No such file or directory
         GLWidget.cpp
     1>d:\research\project2011b\sourceapp\Info.h(5): fatal error C1083: Cannot open include file: 'RX/mat3.h': No such file or directory
         Homography.cpp
     1>d:\research\project2011b\sourceapp\Homography.h(5): fatal error C1083: Cannot open include file: 'RX/mat3.h': No such file or directory
         HomographyDefs.cpp
     1>HomographyDefs.cpp(1): fatal error C1083: Cannot open include file: 'RX/vec3.h': No such file or directory
         Info.cpp
     1>d:\research\project2011b\sourceapp\Info.h(5): fatal error C1083: Cannot open include file: 'RX/mat3.h': No such file or directory
         MapWidget.cpp
     1>d:\research\project2011b\sourceapp\MapWidget.h(5): fatal error C1083: Cannot open include file: 'gl/glew.h': No such file or directory
         Ransac.cpp
     1>d:\research\project2011b\sourceapp\HomographyDefs.h(7): fatal error C1083: Cannot open include file: 'gl/glew.h': No such file or directory
         Region.cpp
     1>Region.cpp(1): fatal error C1083: Cannot open include file: 'RX/vec2.h': No such file or directory
         Resources.cpp
     1>d:\research\project2011b\sourceapp\Region.h(5): fatal error C1083: Cannot open include file: 'RX/vec2.h': No such file or directory
         VideoFromImages.cpp
     1>VideoFromImages.cpp(1): fatal error C1083: Cannot open include file: 'RX/VideoDecoder.h': No such file or directory
         VideoPlayer.cpp
     1>d:\research\project2011b\sourceapp\VideoPlayer.h(4): fatal error C1083: Cannot open include file: 'gl/glew.h': No such file or directory
         Interval.cpp
     1>d:\research\project2011b\sourceapp\Interval.h(4): fatal error C1083: Cannot open include file: 'RX/Definitions.h': No such file or directory
         App.cpp
     1>d:\research\project2011b\sourceapp\mainwindow.h(9): fatal error C1083: Cannot open include file: 'RX/mat3.h': No such file or directory
         MainWindow.cpp
     1>d:\research\project2011b\sourceapp\MainWindow.h(9): fatal error C1083: Cannot open include file: 'RX/mat3.h': No such file or directory
         Generating Code...
     1>Done Building Project "D:\Research\Project2011b\SourceApp\App.vcxproj" (build target(s)) -- FAILED.

Build FAILED.

Time Elapsed 00:00:04.89
