D:\Research\_ Project2011b\SourceFindStillBoards\Release\App.obj
D:\Research\_ Project2011b\SourceFindStillBoards\Release\Board.obj
D:\Research\_ Project2011b\SourceFindStillBoards\Release\cl.command.1.tlog
D:\Research\_ Project2011b\SourceFindStillBoards\Release\CL.read.1.tlog
D:\Research\_ Project2011b\SourceFindStillBoards\Release\CL.write.1.tlog
D:\Research\_ Project2011b\SourceFindStillBoards\Release\define.obj
D:\Research\_ Project2011b\SourceFindStillBoards\Release\Homography.obj
D:\Research\_ Project2011b\SourceFindStillBoards\Release\link.command.1.tlog
D:\Research\_ Project2011b\SourceFindStillBoards\Release\link.read.1.tlog
D:\Research\_ Project2011b\SourceFindStillBoards\Release\link.write.1.tlog
D:\Research\_ Project2011b\SourceFindStillBoards\Release\mt.command.1.tlog
D:\Research\_ Project2011b\SourceFindStillBoards\Release\mt.read.1.tlog
D:\Research\_ Project2011b\SourceFindStillBoards\Release\mt.write.1.tlog
D:\Research\_ Project2011b\SourceFindStillBoards\Release\Ransac.obj
D:\Research\_ Project2011b\SourceFindStillBoards\Release\vc100.pdb
D:\Research\_ Project2011b\SourceFindStillBoards\Release\VideoRegFast.exe.intermediate.manifest
D:\Research\_ Project2011b\SourceFindStillBoards\Release\VideoRegFast.pdb
D:\RESEARCH\_ PROJECT2011B\SOURCEVIDEOREGFAST\RELEASE\APP.OBJ
D:\RESEARCH\_ PROJECT2011B\SOURCEVIDEOREGFAST\RELEASE\BOARD.OBJ
D:\RESEARCH\_ PROJECT2011B\SOURCEVIDEOREGFAST\RELEASE\DEFINE.OBJ
D:\RESEARCH\_ PROJECT2011B\SOURCEVIDEOREGFAST\RELEASE\HOMOGRAPHY.OBJ
D:\RESEARCH\_ PROJECT2011B\SOURCEVIDEOREGFAST\RELEASE\RANSAC.OBJ
D:\RESEARCH\_ PROJECT2011B\SOURCEVIDEOREGFAST\RELEASE\VC100.PDB
D:\RESEARCH\_ PROJECT2011B\SOURCEVIDEOREGFAST\RELEASE\VIDEOREGFAST.EXE
D:\RESEARCH\_ PROJECT2011B\SOURCEVIDEOREGFAST\RELEASE\VIDEOREGFAST.EXE.INTERMEDIATE.MANIFEST
D:\RESEARCH\_ PROJECT2011B\SOURCEVIDEOREGFAST\RELEASE\VIDEOREGFAST.PDB
D:\RESEARCH\_PROJECT2011B\SOURCEVIDEOREGFAST\RELEASE\APP.OBJ
D:\RESEARCH\_PROJECT2011B\SOURCEVIDEOREGFAST\RELEASE\BOARD.OBJ
D:\RESEARCH\_PROJECT2011B\SOURCEVIDEOREGFAST\RELEASE\DEFINE.OBJ
D:\RESEARCH\_PROJECT2011B\SOURCEVIDEOREGFAST\RELEASE\HOMOGRAPHY.OBJ
D:\RESEARCH\_PROJECT2011B\SOURCEVIDEOREGFAST\RELEASE\RANSAC.OBJ
D:\RESEARCH\_PROJECT2011B\SOURCEVIDEOREGFAST\RELEASE\VC100.PDB
D:\RESEARCH\_PROJECT2011B\SOURCEVIDEOREGFAST\RELEASE\VIDEOREGFAST.EXE
D:\RESEARCH\_PROJECT2011B\SOURCEVIDEOREGFAST\RELEASE\VIDEOREGFAST.EXE.INTERMEDIATE.MANIFEST
D:\RESEARCH\_PROJECT2011B\SOURCEVIDEOREGFAST\RELEASE\VIDEOREGFAST.PDB
D:\RESEARCH\PROJECT2011B\SOURCEVIDEOREGFAST\RELEASE\APP.OBJ
D:\RESEARCH\PROJECT2011B\SOURCEVIDEOREGFAST\RELEASE\BOARD.OBJ
D:\RESEARCH\PROJECT2011B\SOURCEVIDEOREGFAST\RELEASE\DEFINE.OBJ
D:\RESEARCH\PROJECT2011B\SOURCEVIDEOREGFAST\RELEASE\HOMOGRAPHY.OBJ
D:\RESEARCH\PROJECT2011B\SOURCEVIDEOREGFAST\RELEASE\RANSAC.OBJ
D:\RESEARCH\PROJECT2011B\SOURCEVIDEOREGFAST\RELEASE\VC100.PDB
D:\RESEARCH\PROJECT2011B\SOURCEVIDEOREGFAST\RELEASE\VIDEOREGFAST.EXE
D:\RESEARCH\PROJECT2011B\SOURCEVIDEOREGFAST\RELEASE\VIDEOREGFAST.EXE.INTERMEDIATE.MANIFEST
D:\RESEARCH\PROJECT2011B\SOURCEVIDEOREGFAST\RELEASE\VIDEOREGFAST.PDB
