Build started 13/11/2012 16:05:02.
     1>Project "D:\Research\_ Project2011b\SourceFindStillBoards\FindStillBoards.vcxproj" on node 2 (build target(s)).
     1>InitializeBuildStatus:
         Touching "Release\FindStillBoards.unsuccessfulbuild".
       ClCompile:
         All outputs are up-to-date.
       Link:
         C:\Program Files (x86)\Microsoft Visual Studio 10.0\VC\bin\link.exe /ERRORREPORT:PROMPT /OUT:"D:\Research\_ Project2011b\SourceFindStillBoards\Release\FindStillBoards.exe" /INCREMENTAL:NO /NOLOGO /LIBPATH:D:\Dropbox\Libs\_LibsVS2010 /LIBPATH:C:\Qt\4.8.3\lib RXEngine.lib qtmain.lib QtCore4.lib QtGui4.lib QtOpenGL4.lib opengl32.lib glu32.lib vcf2c.lib libcblas.lib libatlas.lib libtstatlas.lib libf77blas.lib liblapack.lib kernel32.lib user32.lib gdi32.lib winspool.lib comdlg32.lib advapi32.lib shell32.lib ole32.lib oleaut32.lib uuid.lib odbc32.lib odbccp32.lib /MANIFEST /ManifestFile:"Release\FindStillBoards.exe.intermediate.manifest" /MANIFESTUAC:"level='asInvoker' uiAccess='false'" /DEBUG /PDB:"D:\Research\_ Project2011b\SourceFindStillBoards\Release\FindStillBoards.pdb" /SUBSYSTEM:CONSOLE /OPT:REF /OPT:ICF /LTCG /TLBID:1 /DYNAMICBASE /NXCOMPAT /IMPLIB:"D:\Research\_ Project2011b\SourceFindStillBoards\Release\FindStillBoards.lib" /MACHINE:X86 Release\App.obj
         Release\Board.obj
         Generating code
         Finished generating code
         FindStillBoards.vcxproj -> D:\Research\_ Project2011b\SourceFindStillBoards\Release\FindStillBoards.exe
       Manifest:
         C:\Program Files (x86)\Microsoft SDKs\Windows\v7.0A\bin\mt.exe /nologo /verbose /outputresource:"D:\Research\_ Project2011b\SourceFindStillBoards\Release\FindStillBoards.exe;#1" /manifest Release\FindStillBoards.exe.intermediate.manifest
       FinalizeBuildStatus:
         Deleting file "Release\FindStillBoards.unsuccessfulbuild".
         Touching "Release\FindStillBoards.lastbuildstate".
     1>Done Building Project "D:\Research\_ Project2011b\SourceFindStillBoards\FindStillBoards.vcxproj" (build target(s)).

Build succeeded.

Time Elapsed 00:00:01.23
