Build started 30/10/2012 13:53:30.
     1>Project "D:\Research\_ Project2011b\SourceVideoRegFast\VideoRegFast.vcxproj" on node 2 (build target(s)).
     1>InitializeBuildStatus:
         Creating "Release\VideoRegFast.unsuccessfulbuild" because "AlwaysCreate" was specified.
       ClCompile:
         C:\Program Files (x86)\Microsoft Visual Studio 10.0\VC\bin\CL.exe /c /ID:\Dropbox\Libs\RXEngine\Inc /ID:\Dropbox\Libs\Glew /I.\GeneratedFiles /I.\GeneratedFiles\Release /IC:\Qt\4.8.3\include /IC:\Qt\4.8.3\include\qtmain /IC:\Qt\4.8.3\include\QtCore /IC:\Qt\4.8.3\include\QtGui /IC:\Qt\4.8.3\include\QtOpenGL /I.\libavutil /I.\ /Zi /nologo /W3 /WX- /O2 /Oi /Oy- /GL /D WIN32 /D NDEBUG /D _CONSOLE /D _UNICODE /D UNICODE /Gm- /EHsc /MD /GS /Gy /fp:precise /Zc:wchar_t /Zc:forScope /Fo"Release\\" /Fd"Release\vc100.pdb" /Gd /TP /analyze- /errorReport:prompt App.cpp
         App.cpp
       Link:
         C:\Program Files (x86)\Microsoft Visual Studio 10.0\VC\bin\link.exe /ERRORREPORT:PROMPT /OUT:"D:\Research\_ Project2011b\SourceVideoRegFast\Release\VideoRegFast.exe" /INCREMENTAL:NO /NOLOGO /LIBPATH:D:\Dropbox\Libs\_LibsVS2010 /LIBPATH:C:\Qt\4.8.3\lib RXEngine.lib qtmain.lib QtCore4.lib QtGui4.lib QtOpenGL4.lib opengl32.lib glu32.lib vcf2c.lib libcblas.lib libatlas.lib libtstatlas.lib libf77blas.lib liblapack.lib kernel32.lib user32.lib gdi32.lib winspool.lib comdlg32.lib advapi32.lib shell32.lib ole32.lib oleaut32.lib uuid.lib odbc32.lib odbccp32.lib /MANIFEST /ManifestFile:"Release\VideoRegFast.exe.intermediate.manifest" /MANIFESTUAC:"level='asInvoker' uiAccess='false'" /DEBUG /PDB:"D:\Research\_ Project2011b\SourceVideoRegFast\Release\VideoRegFast.pdb" /SUBSYSTEM:CONSOLE /OPT:REF /OPT:ICF /LTCG /TLBID:1 /DYNAMICBASE /NXCOMPAT /IMPLIB:"D:\Research\_ Project2011b\SourceVideoRegFast\Release\VideoRegFast.lib" /MACHINE:X86 Release\App.obj
         Release\Board.obj
         Release\Define.obj
         Release\Homography.obj
         Release\Ransac.obj
         Generating code
         Finished generating code
     1>RXEngine.lib(mat.obj) : warning LNK4099: PDB 'vc90.pdb' was not found with 'RXEngine.lib(mat.obj)' or at 'D:\Research\_ Project2011b\SourceVideoRegFast\Release\vc90.pdb'; linking object as if no debug info
         VideoRegFast.vcxproj -> D:\Research\_ Project2011b\SourceVideoRegFast\Release\VideoRegFast.exe
       Manifest:
         C:\Program Files (x86)\Microsoft SDKs\Windows\v7.0A\bin\mt.exe /nologo /verbose /outputresource:"D:\Research\_ Project2011b\SourceVideoRegFast\Release\VideoRegFast.exe;#1" /manifest Release\VideoRegFast.exe.intermediate.manifest
       FinalizeBuildStatus:
         Deleting file "Release\VideoRegFast.unsuccessfulbuild".
         Touching "Release\VideoRegFast.lastbuildstate".
     1>Done Building Project "D:\Research\_ Project2011b\SourceVideoRegFast\VideoRegFast.vcxproj" (build target(s)).

Build succeeded.

Time Elapsed 00:00:03.14
